<?xml version="1.0" encoding="UTF-8"?>
<testsuite xmlns:xsi="http://www.w3.org/2001/XMLSchema-instance" xsi:noNamespaceSchemaLocation="https://maven.apache.org/surefire/maven-surefire-plugin/xsd/surefire-test-report-3.0.xsd" version="3.0" name="com.example.demo.controller.CustomerControllerTest" time="17.69" tests="2" errors="0" skipped="0" failures="0">
  <properties>
[...]
</properties>
  <testcase name="createCustomer_thenFetchById" classname="com.example.demo.controller.CustomerControllerTest" time="1.875">
    <system-out><![CDATA[11:11:29.645 [main] INFO org.springframework.test.context.support.AnnotationConfigContextLoaderUtils -- Could not detect default configuration classes for test class [com.example.demo.controller.CustomerControllerTest]: CustomerControllerTest does not declare any static, non-private, non-final, nested classes annotated with @Configuration.
11:11:29.888 [main] INFO org.springframework.boot.test.context.SpringBootTestContextBootstrapper -- Found @SpringBootConfiguration com.example.demo.SpringbootDemoApplication for test class com.example.demo.controller.CustomerControllerTest

  .   ____          _            __ _ _
 /\\ / ___'_ __ _ _(_)_ __  __ _ \ \ \ \
( ( )\___ | '_ | '_| | '_ \/ _` | \ \ \ \
 \\/  ___)| |_)| | | | | || (_| |  ) ) ) )
  '  |____| .__|_| |_|_| |_\__, | / / / /
 =========|_|==============|___/=/_/_/_/

 :: Spring Boot ::                (v3.4.1)

2026-01-13T11:11:30.715+05:00  INFO 9468 --- [           main] c.e.d.controller.CustomerControllerTest  : Starting CustomerControllerTest using Java 17.0.7 with PID 9468 (started by HP in D:\JAVA\RHB Test\search-demo)
2026-01-13T11:11:30.717+05:00  INFO 9468 --- [           main] c.e.d.controller.CustomerControllerTest  : No active profile set, falling back to 1 default profile: "default"
2026-01-13T11:11:32.003+05:00  INFO 9468 --- [           main] .s.d.r.c.RepositoryConfigurationDelegate : Bootstrapping Spring Data JPA repositories in DEFAULT mode.
2026-01-13T11:11:32.311+05:00  INFO 9468 --- [           main] .s.d.r.c.RepositoryConfigurationDelegate : Finished Spring Data repository scanning in 288 ms. Found 2 JPA repository interfaces.
2026-01-13T11:11:33.785+05:00  INFO 9468 --- [           main] com.zaxxer.hikari.HikariDataSource       : HikariPool-1 - Starting...
2026-01-13T11:11:34.620+05:00  INFO 9468 --- [           main] com.zaxxer.hikari.pool.HikariPool        : HikariPool-1 - Added connection conn0: url=jdbc:h2:mem:demo-db user=SA
2026-01-13T11:11:34.626+05:00  INFO 9468 --- [           main] com.zaxxer.hikari.HikariDataSource       : HikariPool-1 - Start completed.
2026-01-13T11:11:34.915+05:00  INFO 9468 --- [           main] o.hibernate.jpa.internal.util.LogHelper  : HHH000204: Processing PersistenceUnitInfo [name: default]
2026-01-13T11:11:35.109+05:00  INFO 9468 --- [           main] org.hibernate.Version                    : HHH000412: Hibernate ORM core version 6.6.4.Final
2026-01-13T11:11:35.235+05:00  INFO 9468 --- [           main] o.h.c.internal.RegionFactoryInitiator    : HHH000026: Second-level cache disabled
2026-01-13T11:11:36.217+05:00  INFO 9468 --- [           main] o.s.o.j.p.SpringPersistenceUnitInfo      : No LoadTimeWeaver setup: ignoring JPA class transformer
2026-01-13T11:11:36.507+05:00  INFO 9468 --- [           main] org.hibernate.orm.connections.pooling    : HHH10001005: Database info:
	Database JDBC URL [Connecting through datasource 'HikariDataSource (HikariPool-1)']
	Database driver: undefined/unknown
	Database version: 2.3.232
	Autocommit mode: undefined/unknown
	Isolation level: undefined/unknown
	Minimum pool size: undefined/unknown
	Maximum pool size: undefined/unknown
2026-01-13T11:11:39.483+05:00  INFO 9468 --- [           main] o.h.e.t.j.p.i.JtaPlatformInitiator       : HHH000489: No JTA platform available (set 'hibernate.transaction.jta.platform' to enable JTA platform integration)
2026-01-13T11:11:39.492+05:00  INFO 9468 --- [           main] j.LocalContainerEntityManagerFactoryBean : Initialized JPA EntityManagerFactory for persistence unit 'default'
2026-01-13T11:11:40.211+05:00  INFO 9468 --- [           main] o.s.d.j.r.query.QueryEnhancerFactory     : Hibernate is in classpath; If applicable, HQL parser will be used.
2026-01-13T11:11:43.087+05:00  WARN 9468 --- [           main] JpaBaseConfiguration$JpaWebConfiguration : spring.jpa.open-in-view is enabled by default. Therefore, database queries may be performed during view rendering. Explicitly configure spring.jpa.open-in-view to disable this warning
2026-01-13T11:11:43.836+05:00  INFO 9468 --- [           main] o.s.b.a.h2.H2ConsoleAutoConfiguration    : H2 console available at '/h2-console'. Database available at 'jdbc:h2:mem:demo-db'
2026-01-13T11:11:44.038+05:00  INFO 9468 --- [           main] o.s.b.t.m.w.SpringBootMockServletContext : Initializing Spring TestDispatcherServlet ''
2026-01-13T11:11:44.039+05:00  INFO 9468 --- [           main] o.s.t.web.servlet.TestDispatcherServlet  : Initializing Servlet ''
2026-01-13T11:11:44.042+05:00  INFO 9468 --- [           main] o.s.t.web.servlet.TestDispatcherServlet  : Completed initialization in 1 ms
2026-01-13T11:11:44.759+05:00  INFO 9468 --- [           main] c.e.d.controller.CustomerControllerTest  : Started CustomerControllerTest in 14.595 seconds (process running for 16.323)
2026-01-13T11:11:46.067+05:00  INFO 9468 --- [           main] com.example.demo.aop.LoggingAspect       : REQ  POST /api/customers | handler=com.example.demo.controllers.CustomerController.create | args=[{"name":"Daisy","email":"daisy@example.com"}]
2026-01-13T11:11:46.349+05:00  INFO 9468 --- [           main] com.example.demo.aop.LoggingAspect       : RES  POST /api/customers | 297ms | result={"id":4,"name":"Daisy","email":"daisy@example.com"}
2026-01-13T11:11:46.548+05:00  INFO 9468 --- [           main] com.example.demo.aop.LoggingAspect       : REQ  GET /api/customers/4 | handler=com.example.demo.controllers.CustomerController.getById | args=[4]
2026-01-13T11:11:46.648+05:00  INFO 9468 --- [           main] com.example.demo.aop.LoggingAspect       : RES  GET /api/customers/4 | 100ms | result={"id":4,"name":"Daisy","email":"daisy@example.com"}
]]></system-out>
  </testcase>
  <testcase name="searchCustomers_withPagination_returnsPageMetadata" classname="com.example.demo.controller.CustomerControllerTest" time="0.317">
    <system-out><![CDATA[2026-01-13T11:11:46.735+05:00  INFO 9468 --- [           main] com.example.demo.aop.LoggingAspect       : REQ  GET /api/customers/search | handler=com.example.demo.controllers.CustomerController.search | args=["example.com",{"pageNumber":0,"pageSize":2,"sort":{"empty":false,"unsorted":false,"sorted":true},"offset":0,"unpaged":false,"paged":true}]
2026-01-13T11:11:46.970+05:00  INFO 9468 --- [           main] com.example.demo.aop.LoggingAspect       : RES  GET /api/customers/search | 245ms | result={"items":[{"id":1,"name":"Alice Johnson","email":"alice@example.com"},{"id":2,"name":"Bob Smith","email":"bob@example.com"}],"page":0,"size":2,"totalElements":4,"totalPages":2}
]]></system-out>
  </testcase>
</testsuite>